<?xml version="1.0" encoding="UTF-8"?>
<!-- Generated by org.testng.reporters.JUnitXMLReporter -->
<testsuite hostname="DESKTOP-40FL62C" name="Default test" tests="2" failures="0" timestamp="13 Sep 2019 06:23:33 GMT" time="2.935" errors="0">
  <testcase name="validateCreateCustomerAPIWithInValidSecretKey" time="1.948" classname="com.impact.API.TestCases.ValidateCreateCustomerAPI"/>
  <testcase name="validateCreateCustomerAPIWithValidSecretKey" time="0.971" classname="com.impact.API.TestCases.ValidateCreateCustomerAPI"/>
</testsuite> <!-- Default test -->
