<?xml version="1.0" encoding="UTF-8"?>
<!-- Generated by org.testng.reporters.JUnitXMLReporter -->
<testsuite hostname="DESKTOP-40FL62C" name="Test" tests="3" failures="0" timestamp="16 Sep 2019 14:53:00 GMT" time="3.617" errors="0">
  <testcase name="validateCreateCustomerAPIWithInValidSecretKey" time="1.635" classname="com.impact.API.TestCases.ValidateCreateCustomerAPI"/>
  <testcase name="validateCreateCustomerAPIWithValidSecretKey" time="1.095" classname="com.impact.API.TestCases.ValidateCreateCustomerAPI"/>
  <testcase name="validateCreateCustomerAPIWithValidSecretKey" time="0.803" classname="com.impact.API.TestCases.ValidateCreateCustomerAPI"/>
</testsuite> <!-- Test -->
