<?xml version="1.0" encoding="UTF-8"?>
<!-- Generated by org.testng.reporters.JUnitXMLReporter -->
<testsuite hostname="IABLR-LT155" name="Test1" tests="4" failures="0" timestamp="1 Nov 2019 16:23:08 GMT" time="4.458" errors="0">
  <testcase name="validateCreateCustomerAPIWithInValidSecretKey" time="1.618" classname="com.impact.API.TestCases.ValidateCreateCustomerAPI"/>
  <testcase name="validateCreateCustomerAPIWithValidSecretKey" time="1.192" classname="com.impact.API.TestCases.ValidateCreateCustomerAPI"/>
  <testcase name="validateCreateCustomerAPIWithValidSecretKey" time="0.827" classname="com.impact.API.TestCases.ValidateCreateCustomerAPI"/>
  <testcase name="validateUpdateCustomerAPIWithValidSecretKey" time="0.67" classname="com.impact.API.TestCases.ValidateUpdateCustomerAPI"/>
</testsuite> <!-- Test1 -->
